
< 14-10-15 13:21:43 >==============================================
Device is Inserted On Driver : [Hub6 Port2] [VER:0, SN:9&2db97609&0#{53]

< 14-10-15 13:22:14 >==============================================
Device is Inserted On Driver : [Hub6 Port2] [VER:0, SN:9&2db97609&0#{53]

< 14-10-15 13:22:30 >==============================================
Device is Inserted On Driver : [Hub6 Port2] [VER:0, SN:9&2db97609&0#{53]
   Begin the USB Task...
   Begin Step 1... Action: Write, Chip: Register, Address: 0x0000, File: 
   Step 1 - Start Time : 2014/10/15 PM 01:22:34:44
   Step 1 - End Time : 2014/10/15 PM 01:22:34:44
   Step 1 ok! Spent Time: 0.0s
   Begin Step 2... Action: Write, Chip: RAM, Address: 0x20000000, File: D:\sharezone\github\ZTKVR\tool\G+CodePacker 1.0.9.27\USBMassProductionTool/code/gpl326xxb_spiusbbin.bin
   Step 2 - Start Time : 2014/10/15 PM 01:22:34:44
   Step 2 - End Time : 2014/10/15 PM 01:22:34:58
   Step 2 ok! Spent Time: 0.15s
   Begin Step 3... Action: Jump to Function, Chip: RAM, Address: 0x20000000
   Step 3 - Start Time : 2014/10/15 PM 01:22:34:58
   Step 3 - End Time : 2014/10/15 PM 01:22:34:60
   Step 3 ok! Spent Time: 0.0s
   Begin Step 4... Action: Erase, Chip: SPI Nor Flash, Address: 0x0000, Length: 11
   Step 4 - Start Time : 2014/10/15 PM 01:22:34:60
      Device is Pullouted.

< 14-10-15 13:23:50 >==============================================
Device is Inserted On Driver : [Hub6 Port2] [VER:0, SN:9&2db97609&0#{53]
   Device is Pullouted.

< 14-10-15 13:29:05 >==============================================
Device is Inserted On Driver : [Hub6 Port2] [VER:0, SN:9&2db97609&0#{53]
   Begin the USB Task...
   Begin Step 1... Action: Write, Chip: Register, Address: 0x0000, File: 
   Step 1 - Start Time : 2014/10/15 PM 01:29:07:902
   Step 1 - End Time : 2014/10/15 PM 01:29:07:902
   Step 1 ok! Spent Time: 0.0s
   Begin Step 2... Action: Write, Chip: RAM, Address: 0x20000000, File: D:\sharezone\github\ZTKVR\tool\G+CodePacker 1.0.9.27\USBMassProductionTool/code/gpl326xxb_spiusbbin.bin
   Step 2 - Start Time : 2014/10/15 PM 01:29:07:902
   Step 2 - End Time : 2014/10/15 PM 01:29:07:916
   Step 2 ok! Spent Time: 0.15s
   Begin Step 3... Action: Jump to Function, Chip: RAM, Address: 0x20000000
   Step 3 - Start Time : 2014/10/15 PM 01:29:07:916
   Step 3 - End Time : 2014/10/15 PM 01:29:07:918
   Step 3 ok! Spent Time: 0.0s
   Begin Step 4... Action: Erase, Chip: SPI Nor Flash, Address: 0x0000, Length: 11
   Step 4 - Start Time : 2014/10/15 PM 01:29:07:918
   Step 4 - End Time : 2014/10/15 PM 01:29:11:888
   Step 4 ok! Spent Time: 3.978s
   Begin Step 5... Action: Write, Chip: SPI Nor Flash, Address: 0x0000, File: D:\sharezone\github\ZTKVR\tool\G+CodePacker 1.0.9.27/outputbin/gpl326xxb_spi_rom.bin
   Step 5 - Start Time : 2014/10/15 PM 01:29:11:888
   Step 5 - End Time : 2014/10/15 PM 01:29:15:934
   Step 5 ok! Spent Time: 4.41s
   USB Task Finished! Spent Time: 8.34s
