
< 15-07-14 15:40:03 >==============================================
Device is Inserted On Driver : [Hub2 Port2] [VER:0, SN:6&1c78dc08&0#{53]
   Device is Pullouted.

< 15-07-14 15:43:04 >==============================================
Device is Inserted On Driver : [Hub2 Port2] [VER:0, SN:6&1c78dc08&0#{53]
   Begin the USB Task...
   Begin Step 1... Action: Write, Chip: Register, Address: 0x0000, File: 
   Step 1 - Start Time : 2015/07/14 PM 03:44:29:825
   Step 1 - End Time : 2015/07/14 PM 03:44:29:825
   Step 1 ok! Spent Time: 0.0s
   Begin Step 2... Action: Write, Chip: RAM, Address: 0x20000000, File: C:\data\workspace\github\ZTKVR\tool\G+CodePacker 1.0.9.27\USBMassProductionTool/code/gpl326xxb_spiusbbin.bin
   Step 2 - Start Time : 2015/07/14 PM 03:44:29:825
   Step 2 - End Time : 2015/07/14 PM 03:44:29:840
   Step 2 ok! Spent Time: 0.15s
   Begin Step 3... Action: Jump to Function, Chip: RAM, Address: 0x20000000
   Step 3 - Start Time : 2015/07/14 PM 03:44:29:840
   Step 3 - End Time : 2015/07/14 PM 03:44:29:856
   Step 3 ok! Spent Time: 0.16s
   Begin Step 4... Action: Erase, Chip: SPI Nor Flash, Address: 0x0000, Length: 11
   Step 4 - Start Time : 2015/07/14 PM 03:44:29:856
   Step 4 - End Time : 2015/07/14 PM 03:44:34:645
   Step 4 ok! Spent Time: 4.789s
   Begin Step 5... Action: Write, Chip: SPI Nor Flash, Address: 0x0000, File: C:\data\workspace\github\ZTKVR\tool\G+CodePacker 1.0.9.27/outputbin/gpl326xxb_spi_rom.bin
   Step 5 - Start Time : 2015/07/14 PM 03:44:34:645
   Step 5 - End Time : 2015/07/14 PM 03:44:40:838
   Step 5 ok! Spent Time: 6.193s
   USB Task Finished! Spent Time: 11.13s
   Device is Pullouted.
