
< 15-08-14 14:04:55 >==============================================
Device is Inserted On Driver : [Hub2 Port2] [VER:0, SN:6&1c78dc08&0#{53]
   Begin the USB Task...
   Begin Step 1... Action: Write, Chip: Register, Address: 0x0000, File: 
   Step 1 - Start Time : 2015/08/14 PM 02:04:57:402
   Step 1 - End Time : 2015/08/14 PM 02:04:57:402
   Step 1 ok! Spent Time: 0.0s
   Begin Step 2... Action: Write, Chip: RAM, Address: 0x20000000, File: C:\data\workspace\github\ZTKVR\tool\G+CodePacker 1.0.9.27\USBMassProductionTool/code/gpl326xxb_spiusbbin.bin
   Step 2 - Start Time : 2015/08/14 PM 02:04:57:402
   Step 2 - End Time : 2015/08/14 PM 02:04:57:417
   Step 2 ok! Spent Time: 0.16s
   Begin Step 3... Action: Jump to Function, Chip: RAM, Address: 0x20000000
   Step 3 - Start Time : 2015/08/14 PM 02:04:57:417
   Step 3 - End Time : 2015/08/14 PM 02:04:57:417
   Step 3 ok! Spent Time: 0.0s
   Begin Step 4... Action: Erase, Chip: SPI Nor Flash, Address: 0x0000, Length: 11
   Step 4 - Start Time : 2015/08/14 PM 02:04:57:417
   Step 4 - End Time : 2015/08/14 PM 02:05:01:458
   Step 4 ok! Spent Time: 4.40s
   Begin Step 5... Action: Write, Chip: SPI Nor Flash, Address: 0x0000, File: C:\data\workspace\github\ZTKVR\tool\G+CodePacker 1.0.9.27/outputbin/gpl326xxb_spi_rom.bin
   Step 5 - Start Time : 2015/08/14 PM 02:05:01:458
   Step 5 - End Time : 2015/08/14 PM 02:05:06:138
   Step 5 ok! Spent Time: 4.680s
   USB Task Finished! Spent Time: 8.736s

< 15-08-14 14:48:40 >==============================================
Device is Inserted On Driver : [Hub2 Port2] [VER:0, SN:6&1c78dc08&0#{53]
   Begin the USB Task...
   Begin Step 1... Action: Write, Chip: Register, Address: 0x0000, File: 
   Step 1 - Start Time : 2015/08/14 PM 02:48:41:265
   Step 1 - End Time : 2015/08/14 PM 02:48:41:265
   Step 1 ok! Spent Time: 0.0s
   Begin Step 2... Action: Write, Chip: RAM, Address: 0x20000000, File: C:\data\workspace\github\ZTKVR\tool\G+CodePacker 1.0.9.27\USBMassProductionTool/code/gpl326xxb_spiusbbin.bin
   Step 2 - Start Time : 2015/08/14 PM 02:48:41:265
   Step 2 - End Time : 2015/08/14 PM 02:48:41:281
   Step 2 ok! Spent Time: 0.16s
   Begin Step 3... Action: Jump to Function, Chip: RAM, Address: 0x20000000
   Step 3 - Start Time : 2015/08/14 PM 02:48:41:281
   Step 3 - End Time : 2015/08/14 PM 02:48:41:297
   Step 3 ok! Spent Time: 0.0s
   Begin Step 4... Action: Erase, Chip: SPI Nor Flash, Address: 0x0000, Length: 11
   Step 4 - Start Time : 2015/08/14 PM 02:48:41:297
   Step 4 - End Time : 2015/08/14 PM 02:48:45:228
   Step 4 ok! Spent Time: 3.932s
   Begin Step 5... Action: Write, Chip: SPI Nor Flash, Address: 0x0000, File: C:\data\workspace\github\ZTKVR\tool\G+CodePacker 1.0.9.27/outputbin/gpl326xxb_spi_rom.bin
   Step 5 - Start Time : 2015/08/14 PM 02:48:45:228
   Step 5 - End Time : 2015/08/14 PM 02:48:49:861
   Step 5 ok! Spent Time: 4.633s
   USB Task Finished! Spent Time: 8.596s
