
< 16-01-22 15:31:26 >==============================================
Device is Inserted On Driver : [Hub2 Port2] [VER:0, SN:6&1c78dc08&0#{53]
   Device is Pullouted.

< 16-01-22 15:31:35 >==============================================
Device is Inserted On Driver : [Hub2 Port2] [VER:0, SN:6&1c78dc08&0#{53]
   Begin the USB Task...
   Begin Step 1... Action: Write, Chip: Register, Address: 0x0000, File: 
   Step 1 - Start Time : 2016/01/22 PM 03:31:39:191
   Step 1 - End Time : 2016/01/22 PM 03:31:39:191
   Step 1 ok! Spent Time: 0.0s
   Begin Step 2... Action: Write, Chip: RAM, Address: 0x20000000, File: C:\data\workspace\github\ZTKVR\tool\G+CodePacker 1.0.9.27\USBMassProductionTool/code/gpl326xxb_spiusbbin.bin
   Step 2 - Start Time : 2016/01/22 PM 03:31:39:191
   Step 2 - End Time : 2016/01/22 PM 03:31:39:207
   Step 2 ok! Spent Time: 0.16s
   Begin Step 3... Action: Jump to Function, Chip: RAM, Address: 0x20000000
   Step 3 - Start Time : 2016/01/22 PM 03:31:39:207
   Step 3 - End Time : 2016/01/22 PM 03:31:39:207
   Step 3 ok! Spent Time: 0.0s
   Begin Step 4... Action: Erase, Chip: SPI Nor Flash, Address: 0x0000, Length: 11
   Step 4 - Start Time : 2016/01/22 PM 03:31:39:207
   Step 4 - End Time : 2016/01/22 PM 03:31:41:535
   Step 4 ok! Spent Time: 2.328s
   Begin Step 5... Action: Write, Chip: SPI Nor Flash, Address: 0x0000, File: C:\data\workspace\github\ZTKVR\tool\G+CodePacker 1.0.9.27/outputbin/gpl326xxb_spi_rom.bin
   Step 5 - Start Time : 2016/01/22 PM 03:31:41:535
   Step 5 - End Time : 2016/01/22 PM 03:31:45:897
   Step 5 ok! Spent Time: 4.375s
   USB Task Finished! Spent Time: 6.719s
